Compilación iniciada a las 24/03/2014 0:24:00.
     1>Proyecto "C:\Users\Giraldillo\workspace\igr5\freeglut project 3D\freeglut project 3D\freeglut project 3D.vcxproj" en el nodo 2 (Build destinos).
     1>ClCompile:
         C:\Program Files\Microsoft Visual Studio 11.0\VC\bin\CL.exe /c /I"C:\Users\Giraldillo\workspace\igr5\freeglut project 3D\freeglut\include\\" /ZI /nologo /W3 /WX- /Od /Oy- /D _MBCS /Gm /EHsc /RTC1 /MDd /GS /fp:precise /Zc:wchar_t /Zc:forScope /Fo"Debug\\" /Fd"Debug\vc110.pdb" /Gd /TP /analyze- /errorReport:prompt Camera.cpp Car.cpp Cara.cpp Cube.cpp main.cpp Malla.cpp MontanaRusa.cpp Pencil.cpp Poligon.cpp PV3D.cpp VerticeNormal.cpp
         VerticeNormal.cpp
         PV3D.cpp
         Poligon.cpp
         Pencil.cpp
         MontanaRusa.cpp
     1>c:\users\giraldillo\workspace\igr5\freeglut project 3d\freeglut project 3d\montanarusa.cpp(36): warning C4244: 'return' : conversión de 'double' a 'GLfloat'; posible pérdida de datos
     1>c:\users\giraldillo\workspace\igr5\freeglut project 3d\freeglut project 3d\montanarusa.cpp(41): warning C4244: 'return' : conversión de 'double' a 'GLfloat'; posible pérdida de datos
     1>c:\users\giraldillo\workspace\igr5\freeglut project 3d\freeglut project 3d\montanarusa.cpp(84): warning C4244: 'argumento' : conversión de 'GLfloat' a 'int'; posible pérdida de datos
     1>c:\users\giraldillo\workspace\igr5\freeglut project 3d\freeglut project 3d\montanarusa.cpp(85): error C2440: 'inicializando' : no se puede realizar la conversión de 'std::vector<_Ty> *' a 'PV3D **'
                 with
                 [
                     _Ty=PV3D *
                 ]
                 Los tipos señalados no están relacionados; la conversión requiere reinterpret_cast, conversión de estilo de C o conversión de estilo de función
     1>c:\users\giraldillo\workspace\igr5\freeglut project 3d\freeglut project 3d\montanarusa.cpp(93): error C2039: 'productoVectorial' : no es un miembro de 'PV3D'
                 c:\users\giraldillo\workspace\igr5\freeglut project 3d\freeglut project 3d\pv3d.h(20) : vea la declaración de 'PV3D'
     1>c:\users\giraldillo\workspace\igr5\freeglut project 3d\freeglut project 3d\montanarusa.cpp(94): error C2039: 'productoVectorial' : no es un miembro de 'PV3D'
                 c:\users\giraldillo\workspace\igr5\freeglut project 3d\freeglut project 3d\pv3d.h(20) : vea la declaración de 'PV3D'
     1>c:\users\giraldillo\workspace\igr5\freeglut project 3d\freeglut project 3d\montanarusa.cpp(96): error C2039: 'setPv' : no es un miembro de 'PV3D'
                 c:\users\giraldillo\workspace\igr5\freeglut project 3d\freeglut project 3d\pv3d.h(20) : vea la declaración de 'PV3D'
     1>c:\users\giraldillo\workspace\igr5\freeglut project 3d\freeglut project 3d\montanarusa.cpp(104): error C2039: 'multiplicaMatriz' : no es un miembro de 'PV3D'
                 c:\users\giraldillo\workspace\igr5\freeglut project 3d\freeglut project 3d\pv3d.h(20) : vea la declaración de 'PV3D'
     1>c:\users\giraldillo\workspace\igr5\freeglut project 3d\freeglut project 3d\montanarusa.cpp(144): error C2039: 'addVerticeNormal' : no es un miembro de 'Cara'
                 c:\users\giraldillo\workspace\igr5\freeglut project 3d\freeglut project 3d\cara.h(10) : vea la declaración de 'Cara'
     1>c:\users\giraldillo\workspace\igr5\freeglut project 3d\freeglut project 3d\montanarusa.cpp(155): error C2039: 'CalculoVectorNormalPorNewell' : no es un miembro de 'MontanaRusa'
                 c:\users\giraldillo\workspace\igr5\freeglut project 3d\freeglut project 3d\montanarusa.h(6) : vea la declaración de 'MontanaRusa'
     1>c:\users\giraldillo\workspace\igr5\freeglut project 3d\freeglut project 3d\montanarusa.cpp(160): error C2065: 'p' : identificador no declarado
     1>c:\users\giraldillo\workspace\igr5\freeglut project 3d\freeglut project 3d\montanarusa.cpp(160): error C2541: 'delete' : no se pueden eliminar objetos que no sean punteros
     1>c:\users\giraldillo\workspace\igr5\freeglut project 3d\freeglut project 3d\montanarusa.cpp(176): warning C4244: 'inicializando' : conversión de 'double' a 'GLfloat'; posible pérdida de datos
     1>c:\users\giraldillo\workspace\igr5\freeglut project 3d\freeglut project 3d\montanarusa.cpp(201): warning C4244: 'argumento' : conversión de 'GLfloat' a 'int'; posible pérdida de datos
     1>c:\users\giraldillo\workspace\igr5\freeglut project 3d\freeglut project 3d\montanarusa.cpp(213): error C2039: 'productoVectorial' : no es un miembro de 'PV3D'
                 c:\users\giraldillo\workspace\igr5\freeglut project 3d\freeglut project 3d\pv3d.h(20) : vea la declaración de 'PV3D'
     1>c:\users\giraldillo\workspace\igr5\freeglut project 3d\freeglut project 3d\montanarusa.cpp(214): error C2039: 'productoVectorial' : no es un miembro de 'PV3D'
                 c:\users\giraldillo\workspace\igr5\freeglut project 3d\freeglut project 3d\pv3d.h(20) : vea la declaración de 'PV3D'
     1>c:\users\giraldillo\workspace\igr5\freeglut project 3d\freeglut project 3d\montanarusa.cpp(216): error C2039: 'setPv' : no es un miembro de 'PV3D'
                 c:\users\giraldillo\workspace\igr5\freeglut project 3d\freeglut project 3d\pv3d.h(20) : vea la declaración de 'PV3D'
     1>c:\users\giraldillo\workspace\igr5\freeglut project 3d\freeglut project 3d\montanarusa.cpp(224): warning C4244: 'inicializando' : conversión de 'GLdouble' a 'GLfloat'; posible pérdida de datos
     1>c:\users\giraldillo\workspace\igr5\freeglut project 3d\freeglut project 3d\montanarusa.cpp(224): error C2039: 'getPv' : no es un miembro de 'PV3D'
                 c:\users\giraldillo\workspace\igr5\freeglut project 3d\freeglut project 3d\pv3d.h(20) : vea la declaración de 'PV3D'
     1>c:\users\giraldillo\workspace\igr5\freeglut project 3d\freeglut project 3d\montanarusa.cpp(225): warning C4244: 'inicializando' : conversión de 'GLdouble' a 'GLfloat'; posible pérdida de datos
     1>c:\users\giraldillo\workspace\igr5\freeglut project 3d\freeglut project 3d\montanarusa.cpp(225): error C2039: 'getPv' : no es un miembro de 'PV3D'
                 c:\users\giraldillo\workspace\igr5\freeglut project 3d\freeglut project 3d\pv3d.h(20) : vea la declaración de 'PV3D'
     1>c:\users\giraldillo\workspace\igr5\freeglut project 3d\freeglut project 3d\montanarusa.cpp(226): warning C4244: 'inicializando' : conversión de 'GLdouble' a 'GLfloat'; posible pérdida de datos
     1>c:\users\giraldillo\workspace\igr5\freeglut project 3d\freeglut project 3d\montanarusa.cpp(226): error C2039: 'getPv' : no es un miembro de 'PV3D'
                 c:\users\giraldillo\workspace\igr5\freeglut project 3d\freeglut project 3d\pv3d.h(20) : vea la declaración de 'PV3D'
     1>c:\users\giraldillo\workspace\igr5\freeglut project 3d\freeglut project 3d\montanarusa.cpp(227): warning C4244: 'inicializando' : conversión de 'GLdouble' a 'GLfloat'; posible pérdida de datos
     1>c:\users\giraldillo\workspace\igr5\freeglut project 3d\freeglut project 3d\montanarusa.cpp(227): error C2039: 'getPv' : no es un miembro de 'PV3D'
                 c:\users\giraldillo\workspace\igr5\freeglut project 3d\freeglut project 3d\pv3d.h(20) : vea la declaración de 'PV3D'
         Malla.cpp
     1>c:\users\giraldillo\workspace\igr5\freeglut project 3d\freeglut project 3d\malla.cpp(57): warning C4244: 'argumento' : conversión de 'GLdouble' a 'GLfloat'; posible pérdida de datos
     1>c:\users\giraldillo\workspace\igr5\freeglut project 3d\freeglut project 3d\malla.cpp(60): warning C4244: 'argumento' : conversión de 'GLdouble' a 'GLfloat'; posible pérdida de datos
     1>c:\users\giraldillo\workspace\igr5\freeglut project 3d\freeglut project 3d\malla.cpp(90): warning C4244: 'argumento' : conversión de 'GLdouble' a 'GLfloat'; posible pérdida de datos
     1>c:\users\giraldillo\workspace\igr5\freeglut project 3d\freeglut project 3d\malla.cpp(91): warning C4244: 'argumento' : conversión de 'GLdouble' a 'GLfloat'; posible pérdida de datos
         main.cpp
         Cube.cpp
         Cara.cpp
         Car.cpp
         Camera.cpp
         Generando código...
     1>Compilación del proyecto terminada "C:\Users\Giraldillo\workspace\igr5\freeglut project 3D\freeglut project 3D\freeglut project 3D.vcxproj" (Build destinos) -- ERROR.

ERROR al compilar.

Tiempo transcurrido 00:00:26.31
