Compilación iniciada a las 26/03/2014 13:49:14.
     1>Proyecto "C:\hlocal\IGR5\freeglut project 3D\freeglut project 3D\freeglut project 3D.vcxproj" en el nodo 2 (Build destinos).
     1>ClCompile:
         C:\software\programacion\MSVStudio2012\VC\bin\CL.exe /c /I"C:\hlocal\IGR5\freeglut project 3D\freeglut\include\\" /ZI /nologo /W3 /WX- /Od /Oy- /D _MBCS /Gm /EHsc /RTC1 /MDd /GS /fp:precise /Zc:wchar_t /Zc:forScope /Fo"Debug\\" /Fd"Debug\vc110.pdb" /Gd /TP /analyze- /errorReport:prompt Car.cpp MontanaRusa.cpp main.cpp
         Car.cpp
         Generando código...
         Compilando...
         main.cpp
     1>c:\hlocal\igr5\freeglut project 3d\freeglut project 3d\main.cpp(35): warning C4305: 'inicializando' : truncamiento de 'double' a 'GLfloat'
         MontanaRusa.cpp
     1>c:\hlocal\igr5\freeglut project 3d\freeglut project 3d\montanarusa.cpp(18): warning C4244: 'return' : conversión de 'double' a 'GLfloat'; posible pérdida de datos
     1>c:\hlocal\igr5\freeglut project 3d\freeglut project 3d\montanarusa.cpp(22): warning C4244: 'return' : conversión de 'double' a 'GLfloat'; posible pérdida de datos
     1>c:\hlocal\igr5\freeglut project 3d\freeglut project 3d\montanarusa.cpp(26): warning C4244: 'return' : conversión de 'double' a 'GLfloat'; posible pérdida de datos
     1>c:\hlocal\igr5\freeglut project 3d\freeglut project 3d\montanarusa.cpp(50): warning C4244: 'inicializando' : conversión de 'double' a 'GLfloat'; posible pérdida de datos
     1>c:\hlocal\igr5\freeglut project 3d\freeglut project 3d\montanarusa.cpp(81): warning C4018: '<' : no coinciden signed/unsigned
     1>c:\hlocal\igr5\freeglut project 3d\freeglut project 3d\montanarusa.cpp(127): warning C4244: 'inicializando' : conversión de 'GLdouble' a 'GLfloat'; posible pérdida de datos
     1>c:\hlocal\igr5\freeglut project 3d\freeglut project 3d\montanarusa.cpp(128): warning C4244: 'inicializando' : conversión de 'GLdouble' a 'GLfloat'; posible pérdida de datos
     1>c:\hlocal\igr5\freeglut project 3d\freeglut project 3d\montanarusa.cpp(129): warning C4244: 'inicializando' : conversión de 'GLdouble' a 'GLfloat'; posible pérdida de datos
     1>c:\hlocal\igr5\freeglut project 3d\freeglut project 3d\montanarusa.cpp(130): warning C4244: 'inicializando' : conversión de 'GLdouble' a 'GLfloat'; posible pérdida de datos
         Generando código...
       Link:
         C:\software\programacion\MSVStudio2012\VC\bin\link.exe /ERRORREPORT:PROMPT /OUT:"C:\hlocal\IGR5\freeglut project 3D\Debug\freeglut project 3D.exe" /INCREMENTAL /NOLOGO /LIBPATH:"C:\hlocal\IGR5\freeglut project 3D\freeglut\lib\\" kernel32.lib user32.lib gdi32.lib winspool.lib comdlg32.lib advapi32.lib shell32.lib ole32.lib oleaut32.lib uuid.lib odbc32.lib odbccp32.lib /MANIFEST /MANIFESTUAC:"level='asInvoker' uiAccess='false'" /manifest:embed /DEBUG /PDB:"C:\hlocal\IGR5\freeglut project 3D\Debug\freeglut project 3D.pdb" /TLBID:1 /DYNAMICBASE /NXCOMPAT /IMPLIB:"C:\hlocal\IGR5\freeglut project 3D\Debug\freeglut project 3D.lib" /MACHINE:X86 Debug\Car.obj
         Debug\Cara.obj
         Debug\main.obj
         Debug\Malla.obj
         Debug\MontanaRusa.obj
         Debug\Pencil.obj
         Debug\Poligon.obj
         Debug\PV3D.obj
         Debug\VerticeNormal.obj
         freeglut project 3D.vcxproj -> C:\hlocal\IGR5\freeglut project 3D\Debug\freeglut project 3D.exe
     1>Compilación del proyecto terminada "C:\hlocal\IGR5\freeglut project 3D\freeglut project 3D\freeglut project 3D.vcxproj" (Build destinos).

Compilación correcta.

Tiempo transcurrido 00:00:03.43
