C:\USERS\GIRALDILLO\WORKSPACE\GRáFICA\PRACTICAS\PRACTICA7\FREEGLUT PROJECT 3D\FREEGLUT PROJECT 3D\DEBUG\MESABILLAR.OBJ
C:\USERS\GIRALDILLO\WORKSPACE\GRáFICA\PRACTICAS\PRACTICA7\FREEGLUT PROJECT 3D\FREEGLUT PROJECT 3D\DEBUG\PATA.OBJ
C:\USERS\GIRALDILLO\WORKSPACE\GRáFICA\PRACTICAS\PRACTICA7\FREEGLUT PROJECT 3D\FREEGLUT PROJECT 3D\DEBUG\TABLERO.OBJ
C:\USERS\GIRALDILLO\WORKSPACE\GRáFICA\PRACTICAS\PRACTICA7\FREEGLUT PROJECT 3D\FREEGLUT PROJECT 3D\DEBUG\TACO.OBJ
C:\USERS\GIRALDILLO\WORKSPACE\GRáFICA\PRACTICAS\PRACTICA7\FREEGLUT PROJECT 3D\FREEGLUT PROJECT 3D\DEBUG\TIZA.OBJ
C:\USERS\GIRALDILLO\WORKSPACE\GRáFICA\PRACTICAS\PRACTICA7\FREEGLUT PROJECT 3D\FREEGLUT PROJECT 3D\DEBUG\TRIANGULOBOLAS.OBJ
C:\USERS\GIRALDILLO\WORKSPACE\GRáFICA\PRACTICAS\PRACTICA7\FREEGLUT PROJECT 3D\FREEGLUT PROJECT 3D\DEBUG\TRONERA.OBJ
C:\USERS\GIRALDILLO\WORKSPACE\GRáFICA\PRACTICAS\PRACTICA7\FREEGLUT PROJECT 3D\FREEGLUT PROJECT 3D\DEBUG\ESCENA.OBJ
C:\USERS\GIRALDILLO\WORKSPACE\GRáFICA\PRACTICAS\PRACTICA7\FREEGLUT PROJECT 3D\FREEGLUT PROJECT 3D\DEBUG\CILINDRO.OBJ
C:\USERS\GIRALDILLO\WORKSPACE\GRáFICA\PRACTICAS\PRACTICA7\FREEGLUT PROJECT 3D\FREEGLUT PROJECT 3D\DEBUG\CUBO.OBJ
C:\USERS\GIRALDILLO\WORKSPACE\GRáFICA\PRACTICAS\PRACTICA7\FREEGLUT PROJECT 3D\FREEGLUT PROJECT 3D\DEBUG\DISCO.OBJ
C:\USERS\GIRALDILLO\WORKSPACE\GRáFICA\PRACTICAS\PRACTICA7\FREEGLUT PROJECT 3D\FREEGLUT PROJECT 3D\DEBUG\DISCOPARCIAL.OBJ
C:\USERS\GIRALDILLO\WORKSPACE\GRáFICA\PRACTICAS\PRACTICA7\FREEGLUT PROJECT 3D\FREEGLUT PROJECT 3D\DEBUG\ESFERA.OBJ
C:\USERS\GIRALDILLO\WORKSPACE\GRáFICA\PRACTICAS\PRACTICA7\FREEGLUT PROJECT 3D\FREEGLUT PROJECT 3D\DEBUG\TORUS.OBJ
C:\USERS\GIRALDILLO\WORKSPACE\GRáFICA\PRACTICAS\PRACTICA7\FREEGLUT PROJECT 3D\FREEGLUT PROJECT 3D\DEBUG\MAIN.OBJ
C:\USERS\GIRALDILLO\WORKSPACE\GRáFICA\PRACTICAS\PRACTICA7\FREEGLUT PROJECT 3D\FREEGLUT PROJECT 3D\DEBUG\PENCIL.OBJ
C:\USERS\GIRALDILLO\WORKSPACE\GRáFICA\PRACTICAS\PRACTICA7\FREEGLUT PROJECT 3D\FREEGLUT PROJECT 3D\DEBUG\POLIGON.OBJ
C:\USERS\GIRALDILLO\WORKSPACE\GRáFICA\PRACTICAS\PRACTICA7\FREEGLUT PROJECT 3D\FREEGLUT PROJECT 3D\DEBUG\PV3D.OBJ
C:\USERS\GIRALDILLO\WORKSPACE\GRáFICA\PRACTICAS\PRACTICA7\FREEGLUT PROJECT 3D\FREEGLUT PROJECT 3D\DEBUG\TEXTURELOADER.OBJ
C:\USERS\GIRALDILLO\WORKSPACE\GRáFICA\PRACTICAS\PRACTICA7\FREEGLUT PROJECT 3D\FREEGLUT PROJECT 3D\DEBUG\VERTICENORMAL.OBJ
C:\USERS\GIRALDILLO\WORKSPACE\GRáFICA\PRACTICAS\PRACTICA7\FREEGLUT PROJECT 3D\FREEGLUT PROJECT 3D\DEBUG\CAMARA.OBJ
C:\USERS\GIRALDILLO\WORKSPACE\GRáFICA\PRACTICAS\PRACTICA7\FREEGLUT PROJECT 3D\FREEGLUT PROJECT 3D\DEBUG\CARA.OBJ
C:\USERS\GIRALDILLO\WORKSPACE\GRáFICA\PRACTICAS\PRACTICA7\FREEGLUT PROJECT 3D\FREEGLUT PROJECT 3D\DEBUG\MALLA.OBJ
C:\USERS\GIRALDILLO\WORKSPACE\GRáFICA\PRACTICAS\PRACTICA7\FREEGLUT PROJECT 3D\FREEGLUT PROJECT 3D\DEBUG\OBJETO3D.OBJ
C:\USERS\GIRALDILLO\WORKSPACE\GRáFICA\PRACTICAS\PRACTICA7\FREEGLUT PROJECT 3D\FREEGLUT PROJECT 3D\DEBUG\OBJETOCOMPUESTO.OBJ
C:\USERS\GIRALDILLO\WORKSPACE\GRáFICA\PRACTICAS\PRACTICA7\FREEGLUT PROJECT 3D\FREEGLUT PROJECT 3D\DEBUG\OBJETOCUADRICO.OBJ
C:\USERS\GIRALDILLO\WORKSPACE\GRáFICA\PRACTICAS\PRACTICA7\FREEGLUT PROJECT 3D\FREEGLUT PROJECT 3D\DEBUG\TAFIN.OBJ
C:\USERS\GIRALDILLO\WORKSPACE\GRáFICA\PRACTICAS\PRACTICA7\FREEGLUT PROJECT 3D\FREEGLUT PROJECT 3D\DEBUG\BOLA.OBJ
C:\USERS\GIRALDILLO\WORKSPACE\GRáFICA\PRACTICAS\PRACTICA7\FREEGLUT PROJECT 3D\FREEGLUT PROJECT 3D\DEBUG\BORDEMESA.OBJ
C:\USERS\GIRALDILLO\WORKSPACE\GRáFICA\PRACTICAS\PRACTICA7\FREEGLUT PROJECT 3D\FREEGLUT PROJECT 3D\DEBUG\BORDETRONERA.OBJ
C:\USERS\GIRALDILLO\WORKSPACE\GRáFICA\PRACTICAS\PRACTICA7\FREEGLUT PROJECT 3D\FREEGLUT PROJECT 3D\DEBUG\ESQUINAMESA.OBJ
C:\USERS\GIRALDILLO\WORKSPACE\GRáFICA\PRACTICAS\PRACTICA7\FREEGLUT PROJECT 3D\FREEGLUT PROJECT 3D\DEBUG\LAMPARA.OBJ
C:\USERS\GIRALDILLO\WORKSPACE\GRÁFICA\PRACTICAS\PRACTICA7\FREEGLUT PROJECT 3D\FREEGLUT PROJECT 3D\DEBUG\VC110.PDB
C:\USERS\GIRALDILLO\WORKSPACE\GRáFICA\PRACTICAS\PRACTICA7\FREEGLUT PROJECT 3D\DEBUG\FREEGLUT PROJECT 3D.ILK
C:\USERS\GIRALDILLO\WORKSPACE\GRáFICA\PRACTICAS\PRACTICA7\FREEGLUT PROJECT 3D\DEBUG\FREEGLUT PROJECT 3D.EXE
C:\USERS\GIRALDILLO\WORKSPACE\GRÁFICA\PRACTICAS\PRACTICA7\FREEGLUT PROJECT 3D\DEBUG\FREEGLUT PROJECT 3D.PDB
C:\Users\Giraldillo\workspace\Gráfica\Practicas\Practica7\freeglut project 3D\freeglut project 3D\Debug\Bola.obj
C:\Users\Giraldillo\workspace\Gráfica\Practicas\Practica7\freeglut project 3D\freeglut project 3D\Debug\BordeMesa.obj
C:\Users\Giraldillo\workspace\Gráfica\Practicas\Practica7\freeglut project 3D\freeglut project 3D\Debug\BordeTronera.obj
C:\Users\Giraldillo\workspace\Gráfica\Practicas\Practica7\freeglut project 3D\freeglut project 3D\Debug\Camara.obj
C:\Users\Giraldillo\workspace\Gráfica\Practicas\Practica7\freeglut project 3D\freeglut project 3D\Debug\Cara.obj
C:\Users\Giraldillo\workspace\Gráfica\Practicas\Practica7\freeglut project 3D\freeglut project 3D\Debug\Cilindro.obj
C:\Users\Giraldillo\workspace\Gráfica\Practicas\Practica7\freeglut project 3D\freeglut project 3D\Debug\Cubo.obj
C:\Users\Giraldillo\workspace\Gráfica\Practicas\Practica7\freeglut project 3D\freeglut project 3D\Debug\Disco.obj
C:\Users\Giraldillo\workspace\Gráfica\Practicas\Practica7\freeglut project 3D\freeglut project 3D\Debug\DiscoParcial.obj
C:\Users\Giraldillo\workspace\Gráfica\Practicas\Practica7\freeglut project 3D\freeglut project 3D\Debug\Escena.obj
C:\Users\Giraldillo\workspace\Gráfica\Practicas\Practica7\freeglut project 3D\freeglut project 3D\Debug\Esfera.obj
C:\Users\Giraldillo\workspace\Gráfica\Practicas\Practica7\freeglut project 3D\freeglut project 3D\Debug\EsquinaMesa.obj
C:\Users\Giraldillo\workspace\Gráfica\Practicas\Practica7\freeglut project 3D\freeglut project 3D\Debug\Lampara.obj
C:\Users\Giraldillo\workspace\Gráfica\Practicas\Practica7\freeglut project 3D\freeglut project 3D\Debug\main.obj
C:\Users\Giraldillo\workspace\Gráfica\Practicas\Practica7\freeglut project 3D\freeglut project 3D\Debug\Malla.obj
C:\Users\Giraldillo\workspace\Gráfica\Practicas\Practica7\freeglut project 3D\freeglut project 3D\Debug\MesaBillar.obj
C:\Users\Giraldillo\workspace\Gráfica\Practicas\Practica7\freeglut project 3D\freeglut project 3D\Debug\Objeto3D.obj
C:\Users\Giraldillo\workspace\Gráfica\Practicas\Practica7\freeglut project 3D\freeglut project 3D\Debug\ObjetoCompuesto.obj
C:\Users\Giraldillo\workspace\Gráfica\Practicas\Practica7\freeglut project 3D\freeglut project 3D\Debug\ObjetoCuadrico.obj
C:\Users\Giraldillo\workspace\Gráfica\Practicas\Practica7\freeglut project 3D\freeglut project 3D\Debug\Pata.obj
C:\Users\Giraldillo\workspace\Gráfica\Practicas\Practica7\freeglut project 3D\freeglut project 3D\Debug\Pencil.obj
C:\Users\Giraldillo\workspace\Gráfica\Practicas\Practica7\freeglut project 3D\freeglut project 3D\Debug\Poligon.obj
C:\Users\Giraldillo\workspace\Gráfica\Practicas\Practica7\freeglut project 3D\freeglut project 3D\Debug\PV3D.obj
C:\Users\Giraldillo\workspace\Gráfica\Practicas\Practica7\freeglut project 3D\freeglut project 3D\Debug\Tablero.obj
C:\Users\Giraldillo\workspace\Gráfica\Practicas\Practica7\freeglut project 3D\freeglut project 3D\Debug\Taco.obj
C:\Users\Giraldillo\workspace\Gráfica\Practicas\Practica7\freeglut project 3D\freeglut project 3D\Debug\TAfin.obj
C:\Users\Giraldillo\workspace\Gráfica\Practicas\Practica7\freeglut project 3D\freeglut project 3D\Debug\TextureLoader.obj
C:\Users\Giraldillo\workspace\Gráfica\Practicas\Practica7\freeglut project 3D\freeglut project 3D\Debug\Tiza.obj
C:\Users\Giraldillo\workspace\Gráfica\Practicas\Practica7\freeglut project 3D\freeglut project 3D\Debug\Torus.obj
C:\Users\Giraldillo\workspace\Gráfica\Practicas\Practica7\freeglut project 3D\freeglut project 3D\Debug\TrianguloBolas.obj
C:\Users\Giraldillo\workspace\Gráfica\Practicas\Practica7\freeglut project 3D\freeglut project 3D\Debug\Tronera.obj
C:\Users\Giraldillo\workspace\Gráfica\Practicas\Practica7\freeglut project 3D\freeglut project 3D\Debug\VerticeNormal.obj
C:\Users\Giraldillo\workspace\Gráfica\Practicas\Practica7\freeglut project 3D\freeglut project 3D\Debug\cl.command.1.tlog
C:\Users\Giraldillo\workspace\Gráfica\Practicas\Practica7\freeglut project 3D\freeglut project 3D\Debug\CL.read.1.tlog
C:\Users\Giraldillo\workspace\Gráfica\Practicas\Practica7\freeglut project 3D\freeglut project 3D\Debug\CL.write.1.tlog
C:\Users\Giraldillo\workspace\Gráfica\Practicas\Practica7\freeglut project 3D\freeglut project 3D\Debug\link-cvtres.read.1.tlog
C:\Users\Giraldillo\workspace\Gráfica\Practicas\Practica7\freeglut project 3D\freeglut project 3D\Debug\link-cvtres.write.1.tlog
C:\Users\Giraldillo\workspace\Gráfica\Practicas\Practica7\freeglut project 3D\freeglut project 3D\Debug\link-rc.read.1.tlog
C:\Users\Giraldillo\workspace\Gráfica\Practicas\Practica7\freeglut project 3D\freeglut project 3D\Debug\link-rc.write.1.tlog
C:\Users\Giraldillo\workspace\Gráfica\Practicas\Practica7\freeglut project 3D\freeglut project 3D\Debug\link.command.1.tlog
C:\Users\Giraldillo\workspace\Gráfica\Practicas\Practica7\freeglut project 3D\freeglut project 3D\Debug\link.read.1.tlog
C:\Users\Giraldillo\workspace\Gráfica\Practicas\Practica7\freeglut project 3D\freeglut project 3D\Debug\link.write.1.tlog
C:\Users\Giraldillo\workspace\Gráfica\Practicas\Practica7\freeglut project 3D\freeglut project 3D\Debug\vc110.idb
C:\Users\Giraldillo\workspace\Gráfica\Practicas\Practica7\freeglut project 3D\freeglut project 3D\Debug\vc110.pdb
C:\Users\Giraldillo\workspace\Gráfica\Practicas\Practica7\freeglut project 3D\Debug\freeglut project 3D.pdb
C:\Users\Giraldillo\workspace\Gráfica\Practicas\Practica7\freeglut project 3D\Debug\freeglut project 3D.exe
C:\Users\Giraldillo\workspace\Gráfica\Practicas\Practica7\freeglut project 3D\Debug\freeglut project 3D.ilk
