C:\USERS\GIRALDILLO\WORKSPACE\IGR4\FREEGLUT PROJECT 2D\FREEGLUT PROJECT 2D\DEBUG\TEXTURELOADER.OBJ
C:\USERS\GIRALDILLO\WORKSPACE\IGR4\FREEGLUT PROJECT 2D\FREEGLUT PROJECT 2D\DEBUG\PENCIL.OBJ
C:\USERS\GIRALDILLO\WORKSPACE\IGR4\FREEGLUT PROJECT 2D\FREEGLUT PROJECT 2D\DEBUG\PIXMAP.OBJ
C:\USERS\GIRALDILLO\WORKSPACE\IGR4\FREEGLUT PROJECT 2D\FREEGLUT PROJECT 2D\DEBUG\POINT.OBJ
C:\USERS\GIRALDILLO\WORKSPACE\IGR4\FREEGLUT PROJECT 2D\FREEGLUT PROJECT 2D\DEBUG\SCENE.OBJ
C:\USERS\GIRALDILLO\WORKSPACE\IGR4\FREEGLUT PROJECT 2D\FREEGLUT PROJECT 2D\DEBUG\SQUARE.OBJ
C:\USERS\GIRALDILLO\WORKSPACE\IGR4\FREEGLUT PROJECT 2D\FREEGLUT PROJECT 2D\DEBUG\TREE.OBJ
C:\USERS\GIRALDILLO\WORKSPACE\IGR4\FREEGLUT PROJECT 2D\FREEGLUT PROJECT 2D\DEBUG\VC110.PDB
C:\USERS\GIRALDILLO\WORKSPACE\IGR4\FREEGLUT PROJECT 2D\FREEGLUT PROJECT 2D\DEBUG\MAIN.OBJ
C:\USERS\GIRALDILLO\WORKSPACE\IGR4\FREEGLUT PROJECT 2D\DEBUG\FREEGLUT PROJECT 2D.ILK
C:\USERS\GIRALDILLO\WORKSPACE\IGR4\FREEGLUT PROJECT 2D\DEBUG\FREEGLUT PROJECT 2D.EXE
C:\USERS\GIRALDILLO\WORKSPACE\IGR4\FREEGLUT PROJECT 2D\DEBUG\FREEGLUT PROJECT 2D.PDB
C:\Users\Giraldillo\workspace\igr4\freeglut project 2D\freeglut project 2D\Debug\main.obj
C:\Users\Giraldillo\workspace\igr4\freeglut project 2D\freeglut project 2D\Debug\Pencil.obj
C:\Users\Giraldillo\workspace\igr4\freeglut project 2D\freeglut project 2D\Debug\Pixmap.obj
C:\Users\Giraldillo\workspace\igr4\freeglut project 2D\freeglut project 2D\Debug\Point.obj
C:\Users\Giraldillo\workspace\igr4\freeglut project 2D\freeglut project 2D\Debug\Scene.obj
C:\Users\Giraldillo\workspace\igr4\freeglut project 2D\freeglut project 2D\Debug\Square.obj
C:\Users\Giraldillo\workspace\igr4\freeglut project 2D\freeglut project 2D\Debug\TextureLoader.obj
C:\Users\Giraldillo\workspace\igr4\freeglut project 2D\freeglut project 2D\Debug\Tree.obj
C:\Users\Giraldillo\workspace\igr4\freeglut project 2D\freeglut project 2D\Debug\cl.command.1.tlog
C:\Users\Giraldillo\workspace\igr4\freeglut project 2D\freeglut project 2D\Debug\CL.read.1.tlog
C:\Users\Giraldillo\workspace\igr4\freeglut project 2D\freeglut project 2D\Debug\CL.write.1.tlog
C:\Users\Giraldillo\workspace\igr4\freeglut project 2D\freeglut project 2D\Debug\link-cvtres.read.1.tlog
C:\Users\Giraldillo\workspace\igr4\freeglut project 2D\freeglut project 2D\Debug\link-cvtres.write.1.tlog
C:\Users\Giraldillo\workspace\igr4\freeglut project 2D\freeglut project 2D\Debug\link-rc.read.1.tlog
C:\Users\Giraldillo\workspace\igr4\freeglut project 2D\freeglut project 2D\Debug\link-rc.write.1.tlog
C:\Users\Giraldillo\workspace\igr4\freeglut project 2D\freeglut project 2D\Debug\link.command.1.tlog
C:\Users\Giraldillo\workspace\igr4\freeglut project 2D\freeglut project 2D\Debug\link.read.1.tlog
C:\Users\Giraldillo\workspace\igr4\freeglut project 2D\freeglut project 2D\Debug\link.write.1.tlog
C:\Users\Giraldillo\workspace\igr4\freeglut project 2D\freeglut project 2D\Debug\vc110.idb
C:\Users\Giraldillo\workspace\igr4\freeglut project 2D\freeglut project 2D\Debug\vc110.pdb
C:\Users\Giraldillo\workspace\igr4\freeglut project 2D\Debug\freeglut project 2D.pdb
C:\Users\Giraldillo\workspace\igr4\freeglut project 2D\Debug\freeglut project 2D.exe
C:\Users\Giraldillo\workspace\igr4\freeglut project 2D\Debug\freeglut project 2D.ilk
