Compilación iniciada a las 30/04/2014 14:18:05.
     1>Proyecto "C:\hlocal\zxhasjkhd\freeglut project 3D\freeglut project 3D\freeglut project 3D.vcxproj" en el nodo 2 (Build destinos).
     1>ClCompile:
         C:\software\programacion\MSVStudio2012\VC\bin\CL.exe /c /I"C:\hlocal\zxhasjkhd\freeglut project 3D\freeglut\include\\" /ZI /nologo /W3 /WX- /Od /Oy- /D _MBCS /Gm /EHsc /RTC1 /MDd /GS /fp:precise /Zc:wchar_t /Zc:forScope /Fo"Debug\\" /Fd"Debug\vc110.pdb" /Gd /TP /analyze- /errorReport:prompt Camara.cpp ClasesMaestras\Malla.cpp ClasesMaestras\Objeto3D.cpp ClasesMaestras\ObjetoCompuesto.cpp ClasesMaestras\ObjetoCuadrico.cpp ClasesMaestras\TAfin.cpp Elementos\Bola.cpp Elementos\BordeMesa.cpp Elementos\BordeTronera.cpp Elementos\EsquinaMesa.cpp Elementos\MesaBillar.cpp Elementos\Pata.cpp Elementos\Tablero.cpp Elementos\Taco.cpp Elementos\Tiza.cpp Elementos\TrianguloBolas.cpp Elementos\Tronera.cpp Escena.cpp Figuras\Cilindro.cpp Figuras\Cubo.cpp Figuras\Disco.cpp Figuras\DiscoParcial.cpp Figuras\Esfera.cpp Figuras\Torus.cpp main.cpp
         Torus.cpp
         Esfera.cpp
         DiscoParcial.cpp
         Disco.cpp
         Cubo.cpp
     1>c:\hlocal\zxhasjkhd\freeglut project 3d\freeglut project 3d\figuras\cubo.cpp(45): warning C4018: '<=' : no coinciden signed/unsigned
     1>c:\hlocal\zxhasjkhd\freeglut project 3d\freeglut project 3d\figuras\cubo.cpp(46): warning C4018: '<=' : no coinciden signed/unsigned
     1>c:\hlocal\zxhasjkhd\freeglut project 3d\freeglut project 3d\figuras\cubo.cpp(80): warning C4018: '<=' : no coinciden signed/unsigned
     1>c:\hlocal\zxhasjkhd\freeglut project 3d\freeglut project 3d\figuras\cubo.cpp(81): warning C4018: '<=' : no coinciden signed/unsigned
     1>c:\hlocal\zxhasjkhd\freeglut project 3d\freeglut project 3d\figuras\cubo.cpp(169): warning C4018: '<=' : no coinciden signed/unsigned
     1>c:\hlocal\zxhasjkhd\freeglut project 3d\freeglut project 3d\figuras\cubo.cpp(170): warning C4018: '<=' : no coinciden signed/unsigned
         Cilindro.cpp
         Escena.cpp
     1>c:\hlocal\zxhasjkhd\freeglut project 3d\freeglut project 3d\elementos\tiza.h(4): warning C4067: símbolos (token) inesperados después de la directiva del preprocesador; se esperaba una nueva línea
         Tronera.cpp
     1>c:\hlocal\zxhasjkhd\freeglut project 3d\freeglut project 3d\elementos\tronera.cpp(28): warning C4305: 'argumento' : truncamiento de 'double' a 'GLfloat'
         TrianguloBolas.cpp
     1>c:\hlocal\zxhasjkhd\freeglut project 3d\freeglut project 3d\elementos\triangulobolas.cpp(63): warning C4244: 'argumento' : conversión de 'GLdouble' a 'GLfloat'; posible pérdida de datos
     1>c:\hlocal\zxhasjkhd\freeglut project 3d\freeglut project 3d\elementos\triangulobolas.cpp(72): warning C4244: 'argumento' : conversión de 'double' a 'GLfloat'; posible pérdida de datos
     1>c:\hlocal\zxhasjkhd\freeglut project 3d\freeglut project 3d\elementos\triangulobolas.cpp(73): warning C4244: 'argumento' : conversión de 'double' a 'GLfloat'; posible pérdida de datos
         Tiza.cpp
     1>c:\hlocal\zxhasjkhd\freeglut project 3d\freeglut project 3d\elementos\tiza.h(4): warning C4067: símbolos (token) inesperados después de la directiva del preprocesador; se esperaba una nueva línea
     1>c:\hlocal\zxhasjkhd\freeglut project 3d\freeglut project 3d\elementos\tiza.cpp(9): warning C4305: 'argumento' : truncamiento de 'double' a 'GLfloat'
     1>c:\hlocal\zxhasjkhd\freeglut project 3d\freeglut project 3d\elementos\tiza.cpp(14): warning C4305: 'argumento' : truncamiento de 'double' a 'GLfloat'
     1>c:\hlocal\zxhasjkhd\freeglut project 3d\freeglut project 3d\elementos\tiza.cpp(15): warning C4305: 'argumento' : truncamiento de 'double' a 'GLfloat'
         Taco.cpp
     1>c:\hlocal\zxhasjkhd\freeglut project 3d\freeglut project 3d\elementos\taco.cpp(18): warning C4305: 'argumento' : truncamiento de 'double' a 'GLfloat'
     1>c:\hlocal\zxhasjkhd\freeglut project 3d\freeglut project 3d\elementos\taco.cpp(23): warning C4305: 'argumento' : truncamiento de 'double' a 'GLfloat'
         Tablero.cpp
     1>c:\hlocal\zxhasjkhd\freeglut project 3d\freeglut project 3d\elementos\tablero.cpp(55): warning C4305: 'argumento' : truncamiento de 'double' a 'GLfloat'
     1>c:\hlocal\zxhasjkhd\freeglut project 3d\freeglut project 3d\elementos\tablero.cpp(61): warning C4305: 'argumento' : truncamiento de 'double' a 'GLfloat'
     1>c:\hlocal\zxhasjkhd\freeglut project 3d\freeglut project 3d\elementos\tablero.cpp(67): warning C4305: 'argumento' : truncamiento de 'double' a 'GLfloat'
     1>c:\hlocal\zxhasjkhd\freeglut project 3d\freeglut project 3d\elementos\tablero.cpp(73): warning C4305: 'argumento' : truncamiento de 'double' a 'GLfloat'
     1>c:\hlocal\zxhasjkhd\freeglut project 3d\freeglut project 3d\elementos\tablero.cpp(79): warning C4305: 'argumento' : truncamiento de 'double' a 'GLfloat'
     1>c:\hlocal\zxhasjkhd\freeglut project 3d\freeglut project 3d\elementos\tablero.cpp(85): warning C4305: 'argumento' : truncamiento de 'double' a 'GLfloat'
     1>c:\hlocal\zxhasjkhd\freeglut project 3d\freeglut project 3d\elementos\tablero.cpp(91): warning C4305: 'argumento' : truncamiento de 'double' a 'GLfloat'
         Pata.cpp
     1>c:\hlocal\zxhasjkhd\freeglut project 3d\freeglut project 3d\elementos\pata.cpp(8): warning C4305: 'argumento' : truncamiento de 'double' a 'GLfloat'
     1>c:\hlocal\zxhasjkhd\freeglut project 3d\freeglut project 3d\elementos\pata.cpp(13): warning C4305: 'argumento' : truncamiento de 'double' a 'GLfloat'
     1>c:\hlocal\zxhasjkhd\freeglut project 3d\freeglut project 3d\elementos\pata.cpp(18): warning C4305: 'argumento' : truncamiento de 'double' a 'GLfloat'
     1>c:\hlocal\zxhasjkhd\freeglut project 3d\freeglut project 3d\elementos\pata.cpp(24): warning C4305: 'argumento' : truncamiento de 'double' a 'GLfloat'
     1>c:\hlocal\zxhasjkhd\freeglut project 3d\freeglut project 3d\elementos\pata.cpp(29): warning C4305: 'argumento' : truncamiento de 'double' a 'GLfloat'
     1>c:\hlocal\zxhasjkhd\freeglut project 3d\freeglut project 3d\elementos\pata.cpp(34): warning C4305: 'argumento' : truncamiento de 'double' a 'GLfloat'
     1>c:\hlocal\zxhasjkhd\freeglut project 3d\freeglut project 3d\elementos\pata.cpp(39): warning C4305: 'argumento' : truncamiento de 'double' a 'GLfloat'
     1>c:\hlocal\zxhasjkhd\freeglut project 3d\freeglut project 3d\elementos\pata.cpp(44): warning C4305: 'argumento' : truncamiento de 'double' a 'GLfloat'
         MesaBillar.cpp
         EsquinaMesa.cpp
         BordeTronera.cpp
     1>c:\hlocal\zxhasjkhd\freeglut project 3d\freeglut project 3d\elementos\bordetronera.cpp(27): warning C4305: 'argumento' : truncamiento de 'double' a 'GLfloat'
     1>c:\hlocal\zxhasjkhd\freeglut project 3d\freeglut project 3d\elementos\bordetronera.cpp(33): warning C4305: 'argumento' : truncamiento de 'double' a 'GLfloat'
     1>c:\hlocal\zxhasjkhd\freeglut project 3d\freeglut project 3d\elementos\bordetronera.cpp(39): warning C4305: 'argumento' : truncamiento de 'double' a 'GLfloat'
     1>c:\hlocal\zxhasjkhd\freeglut project 3d\freeglut project 3d\elementos\bordetronera.cpp(45): warning C4305: 'argumento' : truncamiento de 'double' a 'GLfloat'
     1>c:\hlocal\zxhasjkhd\freeglut project 3d\freeglut project 3d\elementos\bordetronera.cpp(52): warning C4305: 'argumento' : truncamiento de 'double' a 'GLfloat'
     1>c:\hlocal\zxhasjkhd\freeglut project 3d\freeglut project 3d\elementos\bordetronera.cpp(59): warning C4305: 'argumento' : truncamiento de 'double' a 'GLfloat'
     1>c:\hlocal\zxhasjkhd\freeglut project 3d\freeglut project 3d\elementos\bordetronera.cpp(65): warning C4305: 'argumento' : truncamiento de 'double' a 'GLfloat'
     1>c:\hlocal\zxhasjkhd\freeglut project 3d\freeglut project 3d\elementos\bordetronera.cpp(71): warning C4305: 'argumento' : truncamiento de 'double' a 'GLfloat'
         BordeMesa.cpp
     1>c:\hlocal\zxhasjkhd\freeglut project 3d\freeglut project 3d\elementos\bordemesa.cpp(10): warning C4244: 'argumento' : conversión de 'GLdouble' a 'GLfloat'; posible pérdida de datos
     1>c:\hlocal\zxhasjkhd\freeglut project 3d\freeglut project 3d\elementos\bordemesa.cpp(15): warning C4244: 'argumento' : conversión de 'GLdouble' a 'GLfloat'; posible pérdida de datos
     1>c:\hlocal\zxhasjkhd\freeglut project 3d\freeglut project 3d\elementos\bordemesa.cpp(20): warning C4244: 'argumento' : conversión de 'GLdouble' a 'GLfloat'; posible pérdida de datos
     1>c:\hlocal\zxhasjkhd\freeglut project 3d\freeglut project 3d\elementos\bordemesa.cpp(26): warning C4244: 'argumento' : conversión de 'GLdouble' a 'GLfloat'; posible pérdida de datos
     1>c:\hlocal\zxhasjkhd\freeglut project 3d\freeglut project 3d\elementos\bordemesa.cpp(32): warning C4244: 'argumento' : conversión de 'GLdouble' a 'GLfloat'; posible pérdida de datos
     1>c:\hlocal\zxhasjkhd\freeglut project 3d\freeglut project 3d\elementos\bordemesa.cpp(37): warning C4244: 'argumento' : conversión de 'GLdouble' a 'GLfloat'; posible pérdida de datos
     1>c:\hlocal\zxhasjkhd\freeglut project 3d\freeglut project 3d\elementos\bordemesa.cpp(41): warning C4305: 'argumento' : truncamiento de 'double' a 'GLfloat'
     1>c:\hlocal\zxhasjkhd\freeglut project 3d\freeglut project 3d\elementos\bordemesa.cpp(42): warning C4305: 'argumento' : truncamiento de 'double' a 'GLfloat'
         Bola.cpp
     1>c:\hlocal\zxhasjkhd\freeglut project 3d\freeglut project 3d\elementos\bola.cpp(8): warning C4244: 'argumento' : conversión de 'GLdouble' a 'GLfloat'; posible pérdida de datos
         TAfin.cpp
         ObjetoCuadrico.cpp
         Generando código...
         Compilando...
         ObjetoCompuesto.cpp
         Objeto3D.cpp
         Malla.cpp
     1>c:\hlocal\zxhasjkhd\freeglut project 3d\freeglut project 3d\clasesmaestras\malla.cpp(59): warning C4244: 'inicializando' : conversión de 'GLdouble' a 'GLfloat'; posible pérdida de datos
     1>c:\hlocal\zxhasjkhd\freeglut project 3d\freeglut project 3d\clasesmaestras\malla.cpp(60): warning C4244: 'inicializando' : conversión de 'GLdouble' a 'GLfloat'; posible pérdida de datos
     1>c:\hlocal\zxhasjkhd\freeglut project 3d\freeglut project 3d\clasesmaestras\malla.cpp(61): warning C4244: 'inicializando' : conversión de 'GLdouble' a 'GLfloat'; posible pérdida de datos
     1>c:\hlocal\zxhasjkhd\freeglut project 3d\freeglut project 3d\clasesmaestras\malla.cpp(65): warning C4244: 'inicializando' : conversión de 'GLdouble' a 'GLfloat'; posible pérdida de datos
     1>c:\hlocal\zxhasjkhd\freeglut project 3d\freeglut project 3d\clasesmaestras\malla.cpp(66): warning C4244: 'inicializando' : conversión de 'GLdouble' a 'GLfloat'; posible pérdida de datos
     1>c:\hlocal\zxhasjkhd\freeglut project 3d\freeglut project 3d\clasesmaestras\malla.cpp(67): warning C4244: 'inicializando' : conversión de 'GLdouble' a 'GLfloat'; posible pérdida de datos
         Camara.cpp
     1>c:\hlocal\zxhasjkhd\freeglut project 3d\freeglut project 3d\camara.cpp(60): warning C4244: 'inicializando' : conversión de 'GLdouble' a 'GLfloat'; posible pérdida de datos
     1>c:\hlocal\zxhasjkhd\freeglut project 3d\freeglut project 3d\camara.cpp(61): warning C4244: 'inicializando' : conversión de 'GLdouble' a 'GLfloat'; posible pérdida de datos
     1>c:\hlocal\zxhasjkhd\freeglut project 3d\freeglut project 3d\camara.cpp(62): warning C4244: 'inicializando' : conversión de 'GLdouble' a 'GLfloat'; posible pérdida de datos
     1>c:\hlocal\zxhasjkhd\freeglut project 3d\freeglut project 3d\camara.cpp(63): warning C4244: 'inicializando' : conversión de 'GLdouble' a 'GLfloat'; posible pérdida de datos
     1>c:\hlocal\zxhasjkhd\freeglut project 3d\freeglut project 3d\camara.cpp(171): warning C4244: '=' : conversión de 'GLdouble' a 'GLfloat'; posible pérdida de datos
     1>c:\hlocal\zxhasjkhd\freeglut project 3d\freeglut project 3d\camara.cpp(172): warning C4244: '=' : conversión de 'GLdouble' a 'GLfloat'; posible pérdida de datos
     1>c:\hlocal\zxhasjkhd\freeglut project 3d\freeglut project 3d\camara.cpp(173): warning C4244: '=' : conversión de 'GLdouble' a 'GLfloat'; posible pérdida de datos
     1>c:\hlocal\zxhasjkhd\freeglut project 3d\freeglut project 3d\camara.cpp(174): warning C4244: '=' : conversión de 'GLdouble' a 'GLfloat'; posible pérdida de datos
         Generando código...
         Compilando...
         main.cpp
     1>c:\hlocal\zxhasjkhd\freeglut project 3d\freeglut project 3d\main.cpp(13): warning C4067: símbolos (token) inesperados después de la directiva del preprocesador; se esperaba una nueva línea
     1>c:\hlocal\zxhasjkhd\freeglut project 3d\freeglut project 3d\elementos\tiza.h(4): warning C4067: símbolos (token) inesperados después de la directiva del preprocesador; se esperaba una nueva línea
     1>c:\hlocal\zxhasjkhd\freeglut project 3d\freeglut project 3d\main.cpp(14): warning C4067: símbolos (token) inesperados después de la directiva del preprocesador; se esperaba una nueva línea
     1>c:\hlocal\zxhasjkhd\freeglut project 3d\freeglut project 3d\main.cpp(394): warning C4305: 'argumento' : truncamiento de 'double' a 'GLfloat'
         Generando código...
       Link:
         C:\software\programacion\MSVStudio2012\VC\bin\link.exe /ERRORREPORT:PROMPT /OUT:"C:\hlocal\zxhasjkhd\freeglut project 3D\Debug\freeglut project 3D.exe" /INCREMENTAL /NOLOGO /LIBPATH:"C:\hlocal\zxhasjkhd\freeglut project 3D\freeglut\lib\\" kernel32.lib user32.lib gdi32.lib winspool.lib comdlg32.lib advapi32.lib shell32.lib ole32.lib oleaut32.lib uuid.lib odbc32.lib odbccp32.lib /MANIFEST /MANIFESTUAC:"level='asInvoker' uiAccess='false'" /manifest:embed /DEBUG /PDB:"C:\hlocal\zxhasjkhd\freeglut project 3D\Debug\freeglut project 3D.pdb" /TLBID:1 /DYNAMICBASE /NXCOMPAT /IMPLIB:"C:\hlocal\zxhasjkhd\freeglut project 3D\Debug\freeglut project 3D.lib" /MACHINE:X86 Debug\Camara.obj
         Debug\Cara.obj
         Debug\Malla.obj
         Debug\Objeto3D.obj
         Debug\ObjetoCompuesto.obj
         Debug\ObjetoCuadrico.obj
         Debug\TAfin.obj
         Debug\Bola.obj
         Debug\BordeMesa.obj
         Debug\BordeTronera.obj
         Debug\EsquinaMesa.obj
         Debug\MesaBillar.obj
         Debug\Pata.obj
         Debug\Tablero.obj
         Debug\Taco.obj
         Debug\Tiza.obj
         Debug\TrianguloBolas.obj
         Debug\Tronera.obj
         Debug\Escena.obj
         Debug\Cilindro.obj
         Debug\Cubo.obj
         Debug\Disco.obj
         Debug\DiscoParcial.obj
         Debug\Esfera.obj
         Debug\Torus.obj
         Debug\main.obj
         Debug\Pencil.obj
         Debug\Poligon.obj
         Debug\PV3D.obj
         Debug\VerticeNormal.obj
         freeglut project 3D.vcxproj -> C:\hlocal\zxhasjkhd\freeglut project 3D\Debug\freeglut project 3D.exe
     1>Compilación del proyecto terminada "C:\hlocal\zxhasjkhd\freeglut project 3D\freeglut project 3D\freeglut project 3D.vcxproj" (Build destinos).

Compilación correcta.

Tiempo transcurrido 00:00:19.62
