Compilación iniciada a las 03/01/2014 23:05:24.
     1>Proyecto "C:\Users\Raquel\Documents\facultad\IGR\Practicas\Practicas\Practica3\freeglut project 2D\freeglut project 2D\freeglut project 2D.vcxproj" en el nodo 2 (Build destinos).
     1>ClCompile:
         C:\Program Files\Microsoft Visual Studio 11.0\VC\bin\CL.exe /c /I"C:\Users\Raquel\Documents\facultad\IGR\Practicas\Practicas\Practica3\freeglut project 2D\freeglut\include\\" /ZI /nologo /W3 /WX- /Od /Oy- /D _MBCS /Gm /EHsc /RTC1 /MDd /GS /fp:precise /Zc:wchar_t /Zc:forScope /Fo"Debug\\" /Fd"Debug\vc110.pdb" /Gd /TP /analyze- /errorReport:prompt src\Ball.cpp src\Circle.cpp src\Obstacle.cpp src\Scene.cpp src\Triangle.cpp src\main.cpp
         Ball.cpp
         Generando código...
         Omitiendo... (no se detectaron cambios relevantes)
         main.cpp
         Triangle.cpp
         Scene.cpp
         Obstacle.cpp
         Circle.cpp
       Link:
         C:\Program Files\Microsoft Visual Studio 11.0\VC\bin\link.exe /ERRORREPORT:PROMPT /OUT:"C:\Users\Raquel\Documents\facultad\IGR\Practicas\Practicas\Practica3\freeglut project 2D\Debug\freeglut project 2D.exe" /INCREMENTAL /NOLOGO /LIBPATH:"C:\Users\Raquel\Documents\facultad\IGR\Practicas\Practicas\Practica3\freeglut project 2D\freeglut\lib\\" kernel32.lib user32.lib gdi32.lib winspool.lib comdlg32.lib advapi32.lib shell32.lib ole32.lib oleaut32.lib uuid.lib odbc32.lib odbccp32.lib /MANIFEST /MANIFESTUAC:"level='asInvoker' uiAccess='false'" /manifest:embed /DEBUG /PDB:"C:\Users\Raquel\Documents\facultad\IGR\Practicas\Practicas\Practica3\freeglut project 2D\Debug\freeglut project 2D.pdb" /TLBID:1 /DYNAMICBASE /NXCOMPAT /IMPLIB:"C:\Users\Raquel\Documents\facultad\IGR\Practicas\Practicas\Practica3\freeglut project 2D\Debug\freeglut project 2D.lib" /MACHINE:X86 Debug\Circle.obj
         Debug\Obstacle.obj
         Debug\Ball.obj
         Debug\Pencil.obj
         Debug\DrawablePolygon.obj
         Debug\main.obj
         Debug\PV2D.obj
         Debug\Scene.obj
         Debug\Triangle.obj
         LINK : no se encontró C:\Users\Raquel\Documents\facultad\IGR\Practicas\Practicas\Practica3\freeglut project 2D\Debug\freeglut project 2D.exe o no lo generó el último vínculo incremental; ejecutando vínculo completo
         freeglut project 2D.vcxproj -> C:\Users\Raquel\Documents\facultad\IGR\Practicas\Practicas\Practica3\freeglut project 2D\Debug\freeglut project 2D.exe
     1>Compilación del proyecto terminada "C:\Users\Raquel\Documents\facultad\IGR\Practicas\Practicas\Practica3\freeglut project 2D\freeglut project 2D\freeglut project 2D.vcxproj" (Build destinos).

Compilación correcta.

Tiempo transcurrido 00:00:10.44
