<<<<<<< .mine
﻿Compilación iniciada a las 29/04/2014 18:57:05.
     1>Proyecto "C:\Users\CarlosGabriel\Documents\workspace\igr6\freeglut project 3D\freeglut project 3D\freeglut project 3D.vcxproj" en el nodo 2 (Build destinos).
=======
﻿Compilación iniciada a las 29/04/2014 18:21:13.
     1>Proyecto "C:\hlocal\asjiogsd6\freeglut project 3D\freeglut project 3D\freeglut project 3D.vcxproj" en el nodo 2 (Build destinos).
>>>>>>> .r190
     1>ClCompile:
<<<<<<< .mine
         C:\Program Files\Microsoft Visual Studio 11.0\VC\bin\CL.exe /c /I"C:\Users\CarlosGabriel\Documents\workspace\igr6\freeglut project 3D\freeglut\include\\" /ZI /nologo /W3 /WX- /Od /Oy- /D _MBCS /Gm /EHsc /RTC1 /MDd /GS /fp:precise /Zc:wchar_t /Zc:forScope /Fo"Debug\\" /Fd"Debug\vc110.pdb" /Gd /TP /analyze- /errorReport:prompt Elementos\MesaBillar.cpp Escena.cpp
         Escena.cpp
     1>c:\users\carlosgabriel\documents\workspace\igr6\freeglut project 3d\freeglut project 3d\escena.cpp(6): warning C4305: 'argumento' : truncamiento de 'double' a 'GLfloat'
         MesaBillar.cpp
         Generando código...
=======
         C:\software\programacion\MSVStudio2012\VC\bin\CL.exe /c /I"C:\hlocal\asjiogsd6\freeglut project 3D\freeglut\include\\" /ZI /nologo /W3 /WX- /Od /Oy- /D _MBCS /Gm /EHsc /RTC1 /MDd /GS /fp:precise /Zc:wchar_t /Zc:forScope /Fo"Debug\\" /Fd"Debug\vc110.pdb" /Gd /TP /analyze- /errorReport:prompt Camara.cpp
         Camara.cpp
     1>c:\hlocal\asjiogsd6\freeglut project 3d\freeglut project 3d\camara.cpp(58): warning C4244: 'inicializando' : conversión de 'GLdouble' a 'GLfloat'; posible pérdida de datos
     1>c:\hlocal\asjiogsd6\freeglut project 3d\freeglut project 3d\camara.cpp(59): warning C4244: 'inicializando' : conversión de 'GLdouble' a 'GLfloat'; posible pérdida de datos
     1>c:\hlocal\asjiogsd6\freeglut project 3d\freeglut project 3d\camara.cpp(60): warning C4244: 'inicializando' : conversión de 'GLdouble' a 'GLfloat'; posible pérdida de datos
     1>c:\hlocal\asjiogsd6\freeglut project 3d\freeglut project 3d\camara.cpp(61): warning C4244: 'inicializando' : conversión de 'GLdouble' a 'GLfloat'; posible pérdida de datos
     1>c:\hlocal\asjiogsd6\freeglut project 3d\freeglut project 3d\camara.cpp(169): warning C4244: '=' : conversión de 'GLdouble' a 'GLfloat'; posible pérdida de datos
     1>c:\hlocal\asjiogsd6\freeglut project 3d\freeglut project 3d\camara.cpp(170): warning C4244: '=' : conversión de 'GLdouble' a 'GLfloat'; posible pérdida de datos
     1>c:\hlocal\asjiogsd6\freeglut project 3d\freeglut project 3d\camara.cpp(171): warning C4244: '=' : conversión de 'GLdouble' a 'GLfloat'; posible pérdida de datos
     1>c:\hlocal\asjiogsd6\freeglut project 3d\freeglut project 3d\camara.cpp(172): warning C4244: '=' : conversión de 'GLdouble' a 'GLfloat'; posible pérdida de datos
>>>>>>> .r190
       Link:
<<<<<<< .mine
         C:\Program Files\Microsoft Visual Studio 11.0\VC\bin\link.exe /ERRORREPORT:PROMPT /OUT:"C:\Users\CarlosGabriel\Documents\workspace\igr6\freeglut project 3D\Debug\freeglut project 3D.exe" /INCREMENTAL /NOLOGO /LIBPATH:"C:\Users\CarlosGabriel\Documents\workspace\igr6\freeglut project 3D\freeglut\lib\\" kernel32.lib user32.lib gdi32.lib winspool.lib comdlg32.lib advapi32.lib shell32.lib ole32.lib oleaut32.lib uuid.lib odbc32.lib odbccp32.lib /MANIFEST /MANIFESTUAC:"level='asInvoker' uiAccess='false'" /manifest:embed /DEBUG /PDB:"C:\Users\CarlosGabriel\Documents\workspace\igr6\freeglut project 3D\Debug\freeglut project 3D.pdb" /TLBID:1 /DYNAMICBASE /NXCOMPAT /IMPLIB:"C:\Users\CarlosGabriel\Documents\workspace\igr6\freeglut project 3D\Debug\freeglut project 3D.lib" /MACHINE:X86 Debug\Camara.obj
=======
         C:\software\programacion\MSVStudio2012\VC\bin\link.exe /ERRORREPORT:PROMPT /OUT:"C:\hlocal\asjiogsd6\freeglut project 3D\Debug\freeglut project 3D.exe" /INCREMENTAL /NOLOGO /LIBPATH:"C:\hlocal\asjiogsd6\freeglut project 3D\freeglut\lib\\" kernel32.lib user32.lib gdi32.lib winspool.lib comdlg32.lib advapi32.lib shell32.lib ole32.lib oleaut32.lib uuid.lib odbc32.lib odbccp32.lib /MANIFEST /MANIFESTUAC:"level='asInvoker' uiAccess='false'" /manifest:embed /DEBUG /PDB:"C:\hlocal\asjiogsd6\freeglut project 3D\Debug\freeglut project 3D.pdb" /TLBID:1 /DYNAMICBASE /NXCOMPAT /IMPLIB:"C:\hlocal\asjiogsd6\freeglut project 3D\Debug\freeglut project 3D.lib" /MACHINE:X86 Debug\Camara.obj
>>>>>>> .r190
         Debug\Cara.obj
         Debug\Malla.obj
         Debug\Objeto3D.obj
         Debug\ObjetoCompuesto.obj
         Debug\ObjetoCuadrico.obj
         Debug\TAfin.obj
         Debug\BordeMesa.obj
         Debug\BordeTronera.obj
         Debug\EsquinaMesa.obj
         Debug\MesaBillar.obj
         Debug\Pata.obj
         Debug\Tablero.obj
         Debug\Taco.obj
         Debug\TrianguloBolas.obj
         Debug\Tronera.obj
         Debug\Escena.obj
         Debug\Cilindro.obj
         Debug\Cubo.obj
         Debug\Disco.obj
         Debug\DiscoParcial.obj
         Debug\Esfera.obj
         Debug\Torus.obj
         Debug\main.obj
         Debug\Pencil.obj
         Debug\Poligon.obj
         Debug\PV3D.obj
         Debug\VerticeNormal.obj
<<<<<<< .mine
         freeglut project 3D.vcxproj -> C:\Users\CarlosGabriel\Documents\workspace\igr6\freeglut project 3D\Debug\freeglut project 3D.exe
     1>Compilación del proyecto terminada "C:\Users\CarlosGabriel\Documents\workspace\igr6\freeglut project 3D\freeglut project 3D\freeglut project 3D.vcxproj" (Build destinos).
=======
         freeglut project 3D.vcxproj -> C:\hlocal\asjiogsd6\freeglut project 3D\Debug\freeglut project 3D.exe
     1>Compilación del proyecto terminada "C:\hlocal\asjiogsd6\freeglut project 3D\freeglut project 3D\freeglut project 3D.vcxproj" (Build destinos).
>>>>>>> .r190

Compilación correcta.

<<<<<<< .mine
Tiempo transcurrido 00:00:19.06
=======
Tiempo transcurrido 00:00:03.97
>>>>>>> .r190
